This is pdfTeX, Version 3.14159265-2.6-1.40.16 (TeX Live 2015/Debian) (preloaded format=pdflatex 2017.2.10)  8 MAR 2017 01:09
entering extended mode
 restricted \write18 enabled.
 %&-line parsing enabled.
**dnarapur.tex
(./dnarapur.tex
LaTeX2e <2016/02/01>
Babel <3.9q> and hyphenation patterns for 81 language(s) loaded.
(/usr/share/texlive/texmf-dist/tex/latex/base/article.cls
Document Class: article 2014/09/29 v1.4h Standard LaTeX document class
(/usr/share/texlive/texmf-dist/tex/latex/base/size12.clo
File: size12.clo 2014/09/29 v1.4h Standard LaTeX file (size option)
)
\c@part=\count79
\c@section=\count80
\c@subsection=\count81
\c@subsubsection=\count82
\c@paragraph=\count83
\c@subparagraph=\count84
\c@figure=\count85
\c@table=\count86
\abovecaptionskip=\skip41
\belowcaptionskip=\skip42
\bibindent=\dimen102
)
(/usr/share/texlive/texmf-dist/tex/latex/geometry/geometry.sty
Package: geometry 2010/09/12 v5.6 Page Geometry

(/usr/share/texlive/texmf-dist/tex/latex/graphics/keyval.sty
Package: keyval 2014/10/28 v1.15 key=value parser (DPC)
\KV@toks@=\toks14
)
(/usr/share/texlive/texmf-dist/tex/generic/oberdiek/ifpdf.sty
Package: ifpdf 2011/01/30 v2.3 Provides the ifpdf switch (HO)
Package ifpdf Info: pdfTeX in PDF mode is detected.
)
(/usr/share/texlive/texmf-dist/tex/generic/oberdiek/ifvtex.sty
Package: ifvtex 2010/03/01 v1.5 Detect VTeX and its facilities (HO)
Package ifvtex Info: VTeX not detected.
)
(/usr/share/texlive/texmf-dist/tex/generic/ifxetex/ifxetex.sty
Package: ifxetex 2010/09/12 v0.6 Provides ifxetex conditional
)
\Gm@cnth=\count87
\Gm@cntv=\count88
\c@Gm@tempcnt=\count89
\Gm@bindingoffset=\dimen103
\Gm@wd@mp=\dimen104
\Gm@odd@mp=\dimen105
\Gm@even@mp=\dimen106
\Gm@layoutwidth=\dimen107
\Gm@layoutheight=\dimen108
\Gm@layouthoffset=\dimen109
\Gm@layoutvoffset=\dimen110
\Gm@dimlist=\toks15
)
(/usr/share/texlive/texmf-dist/tex/latex/amsmath/amsmath.sty
Package: amsmath 2016/03/03 v2.15a AMS math features
\@mathmargin=\skip43

For additional information on amsmath, use the `?' option.
(/usr/share/texlive/texmf-dist/tex/latex/amsmath/amstext.sty
Package: amstext 2000/06/29 v2.01 AMS text

(/usr/share/texlive/texmf-dist/tex/latex/amsmath/amsgen.sty
File: amsgen.sty 1999/11/30 v2.0 generic functions
\@emptytoks=\toks16
\ex@=\dimen111
))
(/usr/share/texlive/texmf-dist/tex/latex/amsmath/amsbsy.sty
Package: amsbsy 1999/11/29 v1.2d Bold Symbols
\pmbraise@=\dimen112
)
(/usr/share/texlive/texmf-dist/tex/latex/amsmath/amsopn.sty
Package: amsopn 1999/12/14 v2.01 operator names
)
\inf@bad=\count90
LaTeX Info: Redefining \frac on input line 199.
\uproot@=\count91
\leftroot@=\count92
LaTeX Info: Redefining \overline on input line 297.
\classnum@=\count93
\DOTSCASE@=\count94
LaTeX Info: Redefining \ldots on input line 394.
LaTeX Info: Redefining \dots on input line 397.
LaTeX Info: Redefining \cdots on input line 518.
\Mathstrutbox@=\box26
\strutbox@=\box27
\big@size=\dimen113
LaTeX Font Info:    Redeclaring font encoding OML on input line 630.
LaTeX Font Info:    Redeclaring font encoding OMS on input line 631.
\macc@depth=\count95
\c@MaxMatrixCols=\count96
\dotsspace@=\muskip10
\c@parentequation=\count97
\dspbrk@lvl=\count98
\tag@help=\toks17
\row@=\count99
\column@=\count100
\maxfields@=\count101
\andhelp@=\toks18
\eqnshift@=\dimen114
\alignsep@=\dimen115
\tagshift@=\dimen116
\tagwidth@=\dimen117
\totwidth@=\dimen118
\lineht@=\dimen119
\@envbody=\toks19
\multlinegap=\skip44
\multlinetaggap=\skip45
\mathdisplay@stack=\toks20
LaTeX Info: Redefining \[ on input line 2735.
LaTeX Info: Redefining \] on input line 2736.
)
(/usr/share/texlive/texmf-dist/tex/latex/amscls/amsthm.sty
Package: amsthm 2015/03/04 v2.20.2
\thm@style=\toks21
\thm@bodyfont=\toks22
\thm@headfont=\toks23
\thm@notefont=\toks24
\thm@headpunct=\toks25
\thm@preskip=\skip46
\thm@postskip=\skip47
\thm@headsep=\skip48
\dth@everypar=\toks26
)
(/usr/share/texlive/texmf-dist/tex/latex/amsfonts/amssymb.sty
Package: amssymb 2013/01/14 v3.01 AMS font symbols

(/usr/share/texlive/texmf-dist/tex/latex/amsfonts/amsfonts.sty
Package: amsfonts 2013/01/14 v3.01 Basic AMSFonts support
\symAMSa=\mathgroup4
\symAMSb=\mathgroup5
LaTeX Font Info:    Overwriting math alphabet `\mathfrak' in version `bold'
(Font)                  U/euf/m/n --> U/euf/b/n on input line 106.
))
(/usr/share/texlive/texmf-dist/tex/latex/graphics/graphicx.sty
Package: graphicx 2014/10/28 v1.0g Enhanced LaTeX Graphics (DPC,SPQR)

(/usr/share/texlive/texmf-dist/tex/latex/graphics/graphics.sty
Package: graphics 2016/01/03 v1.0q Standard LaTeX Graphics (DPC,SPQR)

(/usr/share/texlive/texmf-dist/tex/latex/graphics/trig.sty
Package: trig 2016/01/03 v1.10 sin cos tan (DPC)
)
(/usr/share/texlive/texmf-dist/tex/latex/latexconfig/graphics.cfg
File: graphics.cfg 2010/04/23 v1.9 graphics configuration of TeX Live
)
Package graphics Info: Driver file: pdftex.def on input line 95.

(/usr/share/texlive/texmf-dist/tex/latex/pdftex-def/pdftex.def
File: pdftex.def 2011/05/27 v0.06d Graphics/color for pdfTeX

(/usr/share/texlive/texmf-dist/tex/generic/oberdiek/infwarerr.sty
Package: infwarerr 2010/04/08 v1.3 Providing info/warning/error messages (HO)
)
(/usr/share/texlive/texmf-dist/tex/generic/oberdiek/ltxcmds.sty
Package: ltxcmds 2011/11/09 v1.22 LaTeX kernel commands for general use (HO)
)
\Gread@gobject=\count102
))
\Gin@req@height=\dimen120
\Gin@req@width=\dimen121
)
(/usr/share/texlive/texmf-dist/tex/latex/tools/array.sty
Package: array 2014/10/28 v2.4c Tabular extension package (FMi)
\col@sep=\dimen122
\extrarowheight=\dimen123
\NC@list=\toks27
\extratabsurround=\skip49
\backup@length=\skip50
) (./dnarapur.aux)
\openout1 = `dnarapur.aux'.

LaTeX Font Info:    Checking defaults for OML/cmm/m/it on input line 14.
LaTeX Font Info:    ... okay on input line 14.
LaTeX Font Info:    Checking defaults for T1/cmr/m/n on input line 14.
LaTeX Font Info:    ... okay on input line 14.
LaTeX Font Info:    Checking defaults for OT1/cmr/m/n on input line 14.
LaTeX Font Info:    ... okay on input line 14.
LaTeX Font Info:    Checking defaults for OMS/cmsy/m/n on input line 14.
LaTeX Font Info:    ... okay on input line 14.
LaTeX Font Info:    Checking defaults for OMX/cmex/m/n on input line 14.
LaTeX Font Info:    ... okay on input line 14.
LaTeX Font Info:    Checking defaults for U/cmr/m/n on input line 14.
LaTeX Font Info:    ... okay on input line 14.

*geometry* driver: auto-detecting
*geometry* detected driver: pdftex
*geometry* verbose mode - [ preamble ] result:
* driver: pdftex
* paper: <default>
* layout: <same size as paper>
* layoutoffset:(h,v)=(0.0pt,0.0pt)
* modes: 
* h-part:(L,W,R)=(72.26999pt, 469.75502pt, 72.26999pt)
* v-part:(T,H,B)=(72.26999pt, 650.43001pt, 72.26999pt)
* \paperwidth=614.295pt
* \paperheight=794.96999pt
* \textwidth=469.75502pt
* \textheight=650.43001pt
* \oddsidemargin=0.0pt
* \evensidemargin=0.0pt
* \topmargin=-37.0pt
* \headheight=12.0pt
* \headsep=25.0pt
* \topskip=12.0pt
* \footskip=30.0pt
* \marginparwidth=44.0pt
* \marginparsep=10.0pt
* \columnsep=10.0pt
* \skip\footins=10.8pt plus 4.0pt minus 2.0pt
* \hoffset=0.0pt
* \voffset=0.0pt
* \mag=1000
* \@twocolumnfalse
* \@twosidefalse
* \@mparswitchfalse
* \@reversemarginfalse
* (1in=72.27pt=25.4mm, 1cm=28.453pt)

(/usr/share/texlive/texmf-dist/tex/context/base/supp-pdf.mkii
[Loading MPS to PDF converter (version 2006.09.02).]
\scratchcounter=\count103
\scratchdimen=\dimen124
\scratchbox=\box28
\nofMPsegments=\count104
\nofMParguments=\count105
\everyMPshowfont=\toks28
\MPscratchCnt=\count106
\MPscratchDim=\dimen125
\MPnumerator=\count107
\makeMPintoPDFobject=\count108
\everyMPtoPDFconversion=\toks29
) (/usr/share/texlive/texmf-dist/tex/generic/oberdiek/pdftexcmds.sty
Package: pdftexcmds 2011/11/29 v0.20 Utility functions of pdfTeX for LuaTeX (HO
)

(/usr/share/texlive/texmf-dist/tex/generic/oberdiek/ifluatex.sty
Package: ifluatex 2010/03/01 v1.3 Provides the ifluatex switch (HO)
Package ifluatex Info: LuaTeX not detected.
)
Package pdftexcmds Info: LuaTeX not detected.
Package pdftexcmds Info: \pdf@primitive is available.
Package pdftexcmds Info: \pdf@ifprimitive is available.
Package pdftexcmds Info: \pdfdraftmode found.
)
(/usr/share/texlive/texmf-dist/tex/latex/oberdiek/epstopdf-base.sty
Package: epstopdf-base 2010/02/09 v2.5 Base part for package epstopdf

(/usr/share/texlive/texmf-dist/tex/latex/oberdiek/grfext.sty
Package: grfext 2010/08/19 v1.1 Manage graphics extensions (HO)

(/usr/share/texlive/texmf-dist/tex/generic/oberdiek/kvdefinekeys.sty
Package: kvdefinekeys 2011/04/07 v1.3 Define keys (HO)
))
(/usr/share/texlive/texmf-dist/tex/latex/oberdiek/kvoptions.sty
Package: kvoptions 2011/06/30 v3.11 Key value format for package options (HO)

(/usr/share/texlive/texmf-dist/tex/generic/oberdiek/kvsetkeys.sty
Package: kvsetkeys 2012/04/25 v1.16 Key value parser (HO)

(/usr/share/texlive/texmf-dist/tex/generic/oberdiek/etexcmds.sty
Package: etexcmds 2011/02/16 v1.5 Avoid name clashes with e-TeX commands (HO)
Package etexcmds Info: Could not find \expanded.
(etexcmds)             That can mean that you are not using pdfTeX 1.50 or
(etexcmds)             that some package has redefined \expanded.
(etexcmds)             In the latter case, load this package earlier.
)))
Package grfext Info: Graphics extension search list:
(grfext)             [.png,.pdf,.jpg,.mps,.jpeg,.jbig2,.jb2,.PNG,.PDF,.JPG,.JPE
G,.JBIG2,.JB2,.eps]
(grfext)             \AppendGraphicsExtensions on input line 452.

(/usr/share/texlive/texmf-dist/tex/latex/latexconfig/epstopdf-sys.cfg
File: epstopdf-sys.cfg 2010/07/13 v1.3 Configuration of (r)epstopdf for TeX Liv
e
))
LaTeX Font Info:    Try loading font information for U+msa on input line 27.

(/usr/share/texlive/texmf-dist/tex/latex/amsfonts/umsa.fd
File: umsa.fd 2013/01/14 v3.01 AMS symbols A
)
LaTeX Font Info:    Try loading font information for U+msb on input line 27.

(/usr/share/texlive/texmf-dist/tex/latex/amsfonts/umsb.fd
File: umsb.fd 2013/01/14 v3.01 AMS symbols B
)
Underfull \hbox (badness 10000) in paragraph at lines 32--33

 []


Underfull \hbox (badness 10000) in paragraph at lines 46--47

 []

<results/2_car.png, id=1, 373.395pt x 226.446pt>
File: results/2_car.png Graphic file (type png)
 <use results/2_car.png>
Package pdftex.def Info: results/2_car.png used on input line 51.
(pdftex.def)             Requested size: 98.6517pt x 59.82477pt.

<results/100_car.png, id=2, 373.395pt x 226.446pt>
File: results/100_car.png Graphic file (type png)
 <use results/100_car.png>
Package pdftex.def Info: results/100_car.png used on input line 52.
(pdftex.def)             Requested size: 98.6517pt x 59.82477pt.

<results/200_car.png, id=3, 373.395pt x 226.446pt>
File: results/200_car.png Graphic file (type png)
 <use results/200_car.png>
Package pdftex.def Info: results/200_car.png used on input line 53.
(pdftex.def)             Requested size: 98.6517pt x 59.82477pt.

<results/300_car.png, id=4, 373.395pt x 226.446pt>
File: results/300_car.png Graphic file (type png)
 <use results/300_car.png>
Package pdftex.def Info: results/300_car.png used on input line 54.
(pdftex.def)             Requested size: 98.6517pt x 59.82477pt.

<results/400_car.png, id=5, 373.395pt x 226.446pt>
File: results/400_car.png Graphic file (type png)
 <use results/400_car.png>
Package pdftex.def Info: results/400_car.png used on input line 55.
(pdftex.def)             Requested size: 98.6517pt x 59.82477pt.

Overfull \hbox (33.94783pt too wide) in paragraph at lines 49--56
[] [] [] [] [] 
 []


Underfull \hbox (badness 10000) in paragraph at lines 57--58

 []

<results/5_us.png, id=6, 541.0614pt x 341.1144pt>
File: results/5_us.png Graphic file (type png)
 <use results/5_us.png>
Package pdftex.def Info: results/5_us.png used on input line 59.
(pdftex.def)             Requested size: 98.6517pt x 62.19429pt.

<results/25_us.png, id=7, 541.0614pt x 341.1144pt>
File: results/25_us.png Graphic file (type png)
 <use results/25_us.png>
Package pdftex.def Info: results/25_us.png used on input line 60.
(pdftex.def)             Requested size: 98.6517pt x 62.19429pt.

<results/50_us.png, id=8, 541.0614pt x 341.1144pt>
File: results/50_us.png Graphic file (type png)
 <use results/50_us.png>
Package pdftex.def Info: results/50_us.png used on input line 61.
(pdftex.def)             Requested size: 98.6517pt x 62.19429pt.

<results/75_us.png, id=9, 541.0614pt x 341.1144pt>
File: results/75_us.png Graphic file (type png)
 <use results/75_us.png>
Package pdftex.def Info: results/75_us.png used on input line 62.
(pdftex.def)             Requested size: 98.6517pt x 62.19429pt.

<results/100_us.png, id=10, 541.0614pt x 341.1144pt>
File: results/100_us.png Graphic file (type png)
 <use results/100_us.png>
Package pdftex.def Info: results/100_us.png used on input line 63.
(pdftex.def)             Requested size: 98.6517pt x 62.19429pt.

Overfull \hbox (51.57265pt too wide) in paragraph at lines 59--64
[][] [] [] [] [] 
 []


Underfull \hbox (badness 10000) in paragraph at lines 67--69

 []

[1

{/var/lib/texmf/fonts/map/pdftex/updmap/pdftex.map} <./results/2_car.png (PNG c
opy)> <./results/100_car.png (PNG copy)> <./results/200_car.png (PNG copy)> <./
results/300_car.png (PNG copy)> <./results/400_car.png (PNG copy)> <./results/5
_us.png (PNG copy)> <./results/25_us.png (PNG copy)> <./results/50_us.png (PNG 
copy)> <./results/75_us.png (PNG copy)> <./results/100_us.png (PNG copy)>]
<results/2_car_tempcorr.png, id=24, 388.3308pt x 271.7352pt>
File: results/2_car_tempcorr.png Graphic file (type png)

<use results/2_car_tempcorr.png>
Package pdftex.def Info: results/2_car_tempcorr.png used on input line 71.
(pdftex.def)             Requested size: 98.6517pt x 69.02826pt.

<results/100_car_tempcorr.png, id=25, 388.3308pt x 271.7352pt>
File: results/100_car_tempcorr.png Graphic file (type png)

<use results/100_car_tempcorr.png>
Package pdftex.def Info: results/100_car_tempcorr.png used on input line 72.
(pdftex.def)             Requested size: 98.6517pt x 69.02826pt.

<results/200_car_tempcorr.png, id=26, 388.3308pt x 271.7352pt>
File: results/200_car_tempcorr.png Graphic file (type png)

<use results/200_car_tempcorr.png>
Package pdftex.def Info: results/200_car_tempcorr.png used on input line 73.
(pdftex.def)             Requested size: 98.6517pt x 69.02826pt.

<results/300_car_tempcorr.png, id=27, 388.3308pt x 271.7352pt>
File: results/300_car_tempcorr.png Graphic file (type png)

<use results/300_car_tempcorr.png>
Package pdftex.def Info: results/300_car_tempcorr.png used on input line 74.
(pdftex.def)             Requested size: 98.6517pt x 69.02826pt.

<results/400_car_tempcorr.png, id=28, 388.3308pt x 271.7352pt>
File: results/400_car_tempcorr.png Graphic file (type png)

<use results/400_car_tempcorr.png>
Package pdftex.def Info: results/400_car_tempcorr.png used on input line 75.
(pdftex.def)             Requested size: 98.6517pt x 69.02826pt.

Overfull \hbox (33.94783pt too wide) in paragraph at lines 70--76
[] [] [] [] [] 
 []


Underfull \hbox (badness 10000) in paragraph at lines 77--78

 []

<results/5_us_driftcorr.png, id=29, 556.479pt x 386.4036pt>
File: results/5_us_driftcorr.png Graphic file (type png)

<use results/5_us_driftcorr.png>
Package pdftex.def Info: results/5_us_driftcorr.png used on input line 79.
(pdftex.def)             Requested size: 98.6517pt x 68.50014pt.

<results/25_us_driftcorr.png, id=30, 556.479pt x 386.4036pt>
File: results/25_us_driftcorr.png Graphic file (type png)

<use results/25_us_driftcorr.png>
Package pdftex.def Info: results/25_us_driftcorr.png used on input line 80.
(pdftex.def)             Requested size: 98.6517pt x 68.50014pt.

<results/50_us_driftcorr.png, id=31, 556.479pt x 386.4036pt>
File: results/50_us_driftcorr.png Graphic file (type png)

<use results/50_us_driftcorr.png>
Package pdftex.def Info: results/50_us_driftcorr.png used on input line 81.
(pdftex.def)             Requested size: 98.6517pt x 68.50014pt.

<results/75_us_driftcorr.png, id=32, 556.479pt x 386.4036pt>
File: results/75_us_driftcorr.png Graphic file (type png)

<use results/75_us_driftcorr.png>
Package pdftex.def Info: results/75_us_driftcorr.png used on input line 82.
(pdftex.def)             Requested size: 98.6517pt x 68.50014pt.

<results/100_us_driftcorr.png, id=33, 556.479pt x 386.4036pt>
File: results/100_us_driftcorr.png Graphic file (type png)

<use results/100_us_driftcorr.png>
Package pdftex.def Info: results/100_us_driftcorr.png used on input line 83.
(pdftex.def)             Requested size: 98.6517pt x 68.50014pt.

Overfull \hbox (51.57265pt too wide) in paragraph at lines 79--84
[][] [] [] [] [] 
 []

[2 <./results/2_car_tempcorr.png (PNG copy)> <./results/100_car_tempcorr.png (P
NG copy)> <./results/200_car_tempcorr.png (PNG copy)> <./results/300_car_tempco
rr.png (PNG copy)> <./results/400_car_tempcorr.png (PNG copy)> <./results/5_us_
driftcorr.png (PNG copy)> <./results/25_us_driftcorr.png (PNG copy)> <./results
/50_us_driftcorr.png (PNG copy)> <./results/75_us_driftcorr.png (PNG copy)> <./
results/100_us_driftcorr.png (PNG copy)>]
Underfull \hbox (badness 10000) in paragraph at lines 104--105

 []

<results/2_sylv.png, id=37, 388.3308pt x 271.7352pt>
File: results/2_sylv.png Graphic file (type png)
 <use results/2_sylv.png>
Package pdftex.def Info: results/2_sylv.png used on input line 110.
(pdftex.def)             Requested size: 98.6517pt x 69.02826pt.

<results/100_sylv.png, id=38, 388.3308pt x 271.7352pt>
File: results/100_sylv.png Graphic file (type png)

<use results/100_sylv.png>
Package pdftex.def Info: results/100_sylv.png used on input line 111.
(pdftex.def)             Requested size: 98.6517pt x 69.02826pt.

<results/200_sylv.png, id=39, 388.3308pt x 271.7352pt>
File: results/200_sylv.png Graphic file (type png)

<use results/200_sylv.png>
Package pdftex.def Info: results/200_sylv.png used on input line 112.
(pdftex.def)             Requested size: 98.6517pt x 69.02826pt.

<results/300_sylv.png, id=40, 388.3308pt x 271.7352pt>
File: results/300_sylv.png Graphic file (type png)

<use results/300_sylv.png>
Package pdftex.def Info: results/300_sylv.png used on input line 113.
(pdftex.def)             Requested size: 98.6517pt x 69.02826pt.

<results/400_sylv.png, id=41, 388.3308pt x 271.7352pt>
File: results/400_sylv.png Graphic file (type png)

<use results/400_sylv.png>
Package pdftex.def Info: results/400_sylv.png used on input line 114.
(pdftex.def)             Requested size: 98.6517pt x 69.02826pt.

Overfull \hbox (33.94783pt too wide) in paragraph at lines 108--115
[] [] [] [] [] 
 []


Underfull \hbox (badness 10000) in paragraph at lines 121--122

 []


Underfull \hbox (badness 10000) in paragraph at lines 125--126

 []

<results/30_ariel.png, id=42, 381.1038pt x 249.0906pt>
File: results/30_ariel.png Graphic file (type png)

<use results/30_ariel.png>
Package pdftex.def Info: results/30_ariel.png used on input line 132.
(pdftex.def)             Requested size: 126.83586pt x 82.89949pt.

<results/60_ariel.png, id=43, 381.1038pt x 249.0906pt>
File: results/60_ariel.png Graphic file (type png)

<use results/60_ariel.png>
Package pdftex.def Info: results/60_ariel.png used on input line 133.
(pdftex.def)             Requested size: 126.83586pt x 82.89949pt.

<results/90_ariel.png, id=44, 381.1038pt x 249.0906pt>
File: results/90_ariel.png Graphic file (type png)

<use results/90_ariel.png>
Package pdftex.def Info: results/90_ariel.png used on input line 134.
(pdftex.def)             Requested size: 126.83586pt x 82.89949pt.

<results/120_ariel.png, id=45, 381.1038pt x 249.0906pt>
File: results/120_ariel.png Graphic file (type png)

<use results/120_ariel.png>
Package pdftex.def Info: results/120_ariel.png used on input line 135.
(pdftex.def)             Requested size: 126.83586pt x 82.89949pt.

Overfull \hbox (45.42168pt too wide) in paragraph at lines 130--136
[] [] [] [] 
 []

[3 <./results/2_sylv.png (PNG copy)> <./results/100_sylv.png (PNG copy)> <./res
ults/200_sylv.png (PNG copy)> <./results/300_sylv.png (PNG copy)> <./results/40
0_sylv.png (PNG copy)> <./results/30_ariel.png (PNG copy)> <./results/60_ariel.
png (PNG copy)> <./results/90_ariel.png (PNG copy)> <./results/120_ariel.png (P
NG copy)>] (./dnarapur.aux) ) 
Here is how much of TeX's memory you used:
 3126 strings out of 493029
 43199 string characters out of 6136234
 108333 words of memory out of 5000000
 6591 multiletter control sequences out of 15000+600000
 12096 words of font info for 47 fonts, out of 8000000 for 9000
 1141 hyphenation exceptions out of 8191
 37i,6n,32p,367b,191s stack positions out of 5000i,500n,10000p,200000b,80000s
</usr/share/texlive/texmf-dist/fonts/type1/public/
amsfonts/cm/cmbx12.pfb></usr/share/texlive/texmf-dist/fonts/type1/public/amsfon
ts/cm/cmex10.pfb></usr/share/texlive/texmf-dist/fonts/type1/public/amsfonts/cm/
cmmi12.pfb></usr/share/texlive/texmf-dist/fonts/type1/public/amsfonts/cm/cmmi8.
pfb></usr/share/texlive/texmf-dist/fonts/type1/public/amsfonts/cm/cmr12.pfb></u
sr/share/texlive/texmf-dist/fonts/type1/public/amsfonts/cm/cmr17.pfb></usr/shar
e/texlive/texmf-dist/fonts/type1/public/amsfonts/cm/cmr8.pfb></usr/share/texliv
e/texmf-dist/fonts/type1/public/amsfonts/cm/cmsy10.pfb></usr/share/texlive/texm
f-dist/fonts/type1/public/amsfonts/cm/cmsy8.pfb>
Output written on dnarapur.pdf (3 pages, 4630917 bytes).
PDF statistics:
 79 PDF objects out of 1000 (max. 8388607)
 35 compressed objects within 1 object stream
 0 named destinations out of 1000 (max. 500000)
 146 words of extra memory for PDF output out of 10000 (max. 10000000)

